2023-07-18 16:07:51.986 [main] INFO  c.g.dbswitch.admin.logback.LogbackAppenderRegister - Success add and initialize appender of logback for class：com.gitee.dbswitch.data.service.MigrationService
2023-07-18 16:07:51.988 [main] INFO  c.g.dbswitch.admin.logback.LogbackAppenderRegister - Success add and initialize appender of logback for class：com.gitee.dbswitch.data.handler.MigrationHandler
2023-07-18 16:07:51.992 [main] INFO  com.gitee.dbswitch.admin.AdminApplication - Starting AdminApplication on LAPTOP-K57H29U2 with PID 7824 (F:\MigrationToolkit\dbswitch-master\dbswitch-admin\target\classes started by 张忠振 in F:\MigrationToolkit)
2023-07-18 16:07:51.992 [main] INFO  com.gitee.dbswitch.admin.AdminApplication - No active profile set, falling back to default profiles: default
2023-07-18 16:07:52.942 [main] INFO  o.s.d.r.config.RepositoryConfigurationDelegate - Bootstrapping Spring Data JDBC repositories in DEFAULT mode.
2023-07-18 16:07:52.987 [main] INFO  o.s.d.r.config.RepositoryConfigurationDelegate - Finished Spring Data repository scanning in 40ms. Found 0 JDBC repository interfaces.
2023-07-18 16:07:53.104 [main] WARN  org.mybatis.spring.mapper.ClassPathMapperScanner - No MyBatis mapper was found in '[com.gitee.dbswitch.admin]' package. Please check your configuration.
2023-07-18 16:07:53.581 [main] INFO  o.s.boot.web.embedded.tomcat.TomcatWebServer - Tomcat initialized with port(s): 9088 (http)
2023-07-18 16:07:53.589 [main] INFO  org.apache.coyote.http11.Http11NioProtocol - Initializing ProtocolHandler ["http-nio-9088"]
2023-07-18 16:07:53.589 [main] INFO  org.apache.catalina.core.StandardService - Starting service [Tomcat]
2023-07-18 16:07:53.589 [main] INFO  org.apache.catalina.core.StandardEngine - Starting Servlet engine: [Apache Tomcat/9.0.41]
2023-07-18 16:07:53.679 [main] INFO  o.a.c.core.ContainerBase.[Tomcat].[localhost].[/] - Initializing Spring embedded WebApplicationContext
2023-07-18 16:07:53.679 [main] INFO  o.s.b.w.s.c.ServletWebServerApplicationContext - Root WebApplicationContext: initialization completed in 1639 ms
2023-07-18 16:07:53.776 [main] WARN  o.s.b.w.s.c.AnnotationConfigServletWebServerApplicationContext - Exception encountered during context initialization - cancelling refresh attempt: org.springframework.beans.factory.BeanCreationException: Error creating bean with name 'logAdviceAspect': Injection of resource dependencies failed; nested exception is org.springframework.beans.factory.BeanCreationException: Error creating bean with name 'systemLogDAO': Injection of resource dependencies failed; nested exception is org.springframework.beans.factory.UnsatisfiedDependencyException: Error creating bean with name 'systemLogMapper' defined in file [F:\MigrationToolkit\dbswitch-master\dbswitch-admin\target\classes\com\gitee\dbswitch\admin\mapper\SystemLogMapper.class]: Unsatisfied dependency expressed through bean property 'sqlSessionFactory'; nested exception is org.springframework.beans.factory.BeanCreationException: Error creating bean with name 'tk.mybatis.mapper.autoconfigure.MapperAutoConfiguration': Bean instantiation via constructor failed; nested exception is org.springframework.beans.BeanInstantiationException: Failed to instantiate [tk.mybatis.mapper.autoconfigure.MapperAutoConfiguration$$EnhancerBySpringCGLIB$$3c33fb45]: Constructor threw exception; nested exception is org.springframework.beans.factory.BeanCreationException: Error creating bean with name 'dbswitchConfig': Injection of autowired dependencies failed; nested exception is java.lang.IllegalArgumentException: Could not resolve placeholder 'APP_DRIVERS_PATH' in value "${APP_DRIVERS_PATH}"
2023-07-18 16:07:53.778 [main] INFO  org.apache.catalina.core.StandardService - Stopping service [Tomcat]
2023-07-18 16:07:53.791 [main] INFO  o.s.b.a.l.ConditionEvaluationReportLoggingListener - 

Error starting ApplicationContext. To display the conditions report re-run your application with 'debug' enabled.
2023-07-18 16:09:20.357 [main] INFO  c.g.dbswitch.admin.logback.LogbackAppenderRegister - Success add and initialize appender of logback for class：com.gitee.dbswitch.data.service.MigrationService
2023-07-18 16:09:20.359 [main] INFO  c.g.dbswitch.admin.logback.LogbackAppenderRegister - Success add and initialize appender of logback for class：com.gitee.dbswitch.data.handler.MigrationHandler
2023-07-18 16:09:20.362 [main] INFO  com.gitee.dbswitch.admin.AdminApplication - Starting AdminApplication on LAPTOP-K57H29U2 with PID 6632 (F:\MigrationToolkit\dbswitch-master\dbswitch-admin\target\classes started by 张忠振 in F:\MigrationToolkit)
2023-07-18 16:09:20.363 [main] INFO  com.gitee.dbswitch.admin.AdminApplication - No active profile set, falling back to default profiles: default
2023-07-18 16:09:21.391 [main] INFO  o.s.d.r.config.RepositoryConfigurationDelegate - Bootstrapping Spring Data JDBC repositories in DEFAULT mode.
2023-07-18 16:09:21.439 [main] INFO  o.s.d.r.config.RepositoryConfigurationDelegate - Finished Spring Data repository scanning in 44ms. Found 0 JDBC repository interfaces.
2023-07-18 16:09:21.573 [main] WARN  org.mybatis.spring.mapper.ClassPathMapperScanner - No MyBatis mapper was found in '[com.gitee.dbswitch.admin]' package. Please check your configuration.
2023-07-18 16:09:22.049 [main] INFO  o.s.boot.web.embedded.tomcat.TomcatWebServer - Tomcat initialized with port(s): 9088 (http)
2023-07-18 16:09:22.057 [main] INFO  org.apache.coyote.http11.Http11NioProtocol - Initializing ProtocolHandler ["http-nio-9088"]
2023-07-18 16:09:22.058 [main] INFO  org.apache.catalina.core.StandardService - Starting service [Tomcat]
2023-07-18 16:09:22.058 [main] INFO  org.apache.catalina.core.StandardEngine - Starting Servlet engine: [Apache Tomcat/9.0.41]
2023-07-18 16:09:22.148 [main] INFO  o.a.c.core.ContainerBase.[Tomcat].[localhost].[/] - Initializing Spring embedded WebApplicationContext
2023-07-18 16:09:22.148 [main] INFO  o.s.b.w.s.c.ServletWebServerApplicationContext - Root WebApplicationContext: initialization completed in 1739 ms
2023-07-18 16:09:22.254 [main] WARN  o.s.b.w.s.c.AnnotationConfigServletWebServerApplicationContext - Exception encountered during context initialization - cancelling refresh attempt: org.springframework.beans.factory.BeanCreationException: Error creating bean with name 'logAdviceAspect': Injection of resource dependencies failed; nested exception is org.springframework.beans.factory.BeanCreationException: Error creating bean with name 'systemLogDAO': Injection of resource dependencies failed; nested exception is org.springframework.beans.factory.UnsatisfiedDependencyException: Error creating bean with name 'systemLogMapper' defined in file [F:\MigrationToolkit\dbswitch-master\dbswitch-admin\target\classes\com\gitee\dbswitch\admin\mapper\SystemLogMapper.class]: Unsatisfied dependency expressed through bean property 'sqlSessionFactory'; nested exception is org.springframework.beans.factory.BeanCreationException: Error creating bean with name 'tk.mybatis.mapper.autoconfigure.MapperAutoConfiguration': Bean instantiation via constructor failed; nested exception is org.springframework.beans.BeanInstantiationException: Failed to instantiate [tk.mybatis.mapper.autoconfigure.MapperAutoConfiguration$$EnhancerBySpringCGLIB$$3c33fb45]: Constructor threw exception; nested exception is org.springframework.beans.factory.BeanCreationException: Error creating bean with name 'dbswitchConfig': Injection of autowired dependencies failed; nested exception is java.lang.IllegalArgumentException: Could not resolve placeholder 'APP_DRIVERS_PATH' in value "${APP_DRIVERS_PATH}"
2023-07-18 16:09:22.256 [main] INFO  org.apache.catalina.core.StandardService - Stopping service [Tomcat]
2023-07-18 16:09:22.273 [main] INFO  o.s.b.a.l.ConditionEvaluationReportLoggingListener - 

Error starting ApplicationContext. To display the conditions report re-run your application with 'debug' enabled.
2023-07-18 16:10:07.122 [main] INFO  c.g.dbswitch.admin.logback.LogbackAppenderRegister - Success add and initialize appender of logback for class：com.gitee.dbswitch.data.service.MigrationService
2023-07-18 16:10:07.125 [main] INFO  c.g.dbswitch.admin.logback.LogbackAppenderRegister - Success add and initialize appender of logback for class：com.gitee.dbswitch.data.handler.MigrationHandler
2023-07-18 16:10:07.128 [main] INFO  com.gitee.dbswitch.admin.AdminApplication - Starting AdminApplication on LAPTOP-K57H29U2 with PID 11208 (F:\MigrationToolkit\dbswitch-master\dbswitch-admin\target\classes started by 张忠振 in F:\MigrationToolkit)
2023-07-18 16:10:07.128 [main] INFO  com.gitee.dbswitch.admin.AdminApplication - No active profile set, falling back to default profiles: default
2023-07-18 16:10:07.993 [main] INFO  o.s.d.r.config.RepositoryConfigurationDelegate - Bootstrapping Spring Data JDBC repositories in DEFAULT mode.
2023-07-18 16:10:08.029 [main] INFO  o.s.d.r.config.RepositoryConfigurationDelegate - Finished Spring Data repository scanning in 32ms. Found 0 JDBC repository interfaces.
2023-07-18 16:10:08.122 [main] WARN  org.mybatis.spring.mapper.ClassPathMapperScanner - No MyBatis mapper was found in '[com.gitee.dbswitch.admin]' package. Please check your configuration.
2023-07-18 16:10:08.640 [main] INFO  o.s.boot.web.embedded.tomcat.TomcatWebServer - Tomcat initialized with port(s): 9088 (http)
2023-07-18 16:10:08.650 [main] INFO  org.apache.coyote.http11.Http11NioProtocol - Initializing ProtocolHandler ["http-nio-9088"]
2023-07-18 16:10:08.651 [main] INFO  org.apache.catalina.core.StandardService - Starting service [Tomcat]
2023-07-18 16:10:08.651 [main] INFO  org.apache.catalina.core.StandardEngine - Starting Servlet engine: [Apache Tomcat/9.0.41]
2023-07-18 16:10:08.739 [main] INFO  o.a.c.core.ContainerBase.[Tomcat].[localhost].[/] - Initializing Spring embedded WebApplicationContext
2023-07-18 16:10:08.740 [main] INFO  o.s.b.w.s.c.ServletWebServerApplicationContext - Root WebApplicationContext: initialization completed in 1563 ms
2023-07-18 16:10:08.840 [main] WARN  o.s.b.w.s.c.AnnotationConfigServletWebServerApplicationContext - Exception encountered during context initialization - cancelling refresh attempt: org.springframework.beans.factory.BeanCreationException: Error creating bean with name 'logAdviceAspect': Injection of resource dependencies failed; nested exception is org.springframework.beans.factory.BeanCreationException: Error creating bean with name 'systemLogDAO': Injection of resource dependencies failed; nested exception is org.springframework.beans.factory.UnsatisfiedDependencyException: Error creating bean with name 'systemLogMapper' defined in file [F:\MigrationToolkit\dbswitch-master\dbswitch-admin\target\classes\com\gitee\dbswitch\admin\mapper\SystemLogMapper.class]: Unsatisfied dependency expressed through bean property 'sqlSessionFactory'; nested exception is org.springframework.beans.factory.BeanCreationException: Error creating bean with name 'tk.mybatis.mapper.autoconfigure.MapperAutoConfiguration': Bean instantiation via constructor failed; nested exception is org.springframework.beans.BeanInstantiationException: Failed to instantiate [tk.mybatis.mapper.autoconfigure.MapperAutoConfiguration$$EnhancerBySpringCGLIB$$3c33fb45]: Constructor threw exception; nested exception is org.springframework.beans.factory.BeanCreationException: Error creating bean with name 'dbswitchConfig': Injection of autowired dependencies failed; nested exception is java.lang.IllegalArgumentException: Could not resolve placeholder 'APP_DRIVERS_PATH' in value "${APP_DRIVERS_PATH}"
2023-07-18 16:10:08.842 [main] INFO  org.apache.catalina.core.StandardService - Stopping service [Tomcat]
2023-07-18 16:10:08.858 [main] INFO  o.s.b.a.l.ConditionEvaluationReportLoggingListener - 

Error starting ApplicationContext. To display the conditions report re-run your application with 'debug' enabled.
